<?xml version="1.0" encoding="UTF-8"?>
<!-- Generated by org.testng.reporters.JUnitXMLReporter -->
<testsuite hostname="pc" ignored="0" name="Test" tests="3" failures="0" timestamp="02 Sep 2019 15:00:40 GMT" time="35.234" errors="0">
  <testcase name="executeLaunch" time="25.513" classname="Com.mt.modules.Launch"/>
  <testcase name="executeLogin" time="8.662" classname="Com.mt.modules.Login"/>
  <testcase name="CloseBrowser" time="0.976" classname="Com.mt.utility.CloseBrowser"/>
</testsuite> <!-- Test -->
