<?xml version="1.0" encoding="UTF-8"?>
<testng-results skipped="0" failed="0" ignored="0" total="3" passed="3">
  <reporter-output>
  </reporter-output>
  <suite name="Suite" duration-ms="35234" started-at="2019-09-02T15:00:05Z" finished-at="2019-09-02T15:00:40Z">
    <groups>
    </groups>
    <test name="Test" duration-ms="35234" started-at="2019-09-02T15:00:05Z" finished-at="2019-09-02T15:00:40Z">
      <class name="Com.mt.modules.Login">
        <test-method status="PASS" signature="executeLogin(java.lang.String, java.lang.String)[pri:0, instance:Com.mt.modules.Login@6debcae2]" name="executeLogin" duration-ms="8662" started-at="2019-09-02T15:00:30Z" finished-at="2019-09-02T15:00:39Z">
          <params>
            <param index="0">
              <value>
                <![CDATA[Suvidyap1]]>
              </value>
            </param>
            <param index="1">
              <value>
                <![CDATA[P@ssword1]]>
              </value>
            </param>
          </params>
          <reporter-output>
          </reporter-output>
        </test-method> <!-- executeLogin -->
      </class> <!-- Com.mt.modules.Login -->
      <class name="Com.mt.modules.Launch">
        <test-method status="PASS" signature="executeLaunch(java.lang.String, java.lang.String, int)[pri:0, instance:Com.mt.modules.Launch@7e0babb1]" name="executeLaunch" duration-ms="25513" started-at="2019-09-02T15:00:05Z" finished-at="2019-09-02T15:00:30Z">
          <params>
            <param index="0">
              <value>
                <![CDATA[chrome]]>
              </value>
            </param>
            <param index="1">
              <value>
                <![CDATA[http://www.newtours.demoaut.com/mercurywelcome.php]]>
              </value>
            </param>
            <param index="2">
              <value>
                <![CDATA[15]]>
              </value>
            </param>
          </params>
          <reporter-output>
          </reporter-output>
        </test-method> <!-- executeLaunch -->
      </class> <!-- Com.mt.modules.Launch -->
      <class name="Com.mt.utility.CloseBrowser">
        <test-method status="PASS" signature="CloseBrowser()[pri:0, instance:Com.mt.utility.CloseBrowser@5ba23b66]" name="CloseBrowser" duration-ms="976" started-at="2019-09-02T15:00:39Z" finished-at="2019-09-02T15:00:40Z">
          <reporter-output>
          </reporter-output>
        </test-method> <!-- CloseBrowser -->
      </class> <!-- Com.mt.utility.CloseBrowser -->
    </test> <!-- Test -->
  </suite> <!-- Suite -->
</testng-results>
